-------------------------------------------------------------------------------
Test set: Search and place the order for products
-------------------------------------------------------------------------------
Tests run: 2, Failures: 1, Errors: 0, Skipped: 0, Time elapsed: 13.637 s <<< FAILURE! - in Search and place the order for products
Search and place the order for products.Search experiance for product search in both home and Offers page #2  Time elapsed: 6.552 s  <<< FAILURE!
org.junit.ComparisonFailure: expected:<[No data]> but was:<[Beetroot]>

