<?xml version="1.0" encoding="UTF-8"?>
<testsuite xmlns:xsi="http://www.w3.org/2001/XMLSchema-instance" xsi:noNamespaceSchemaLocation="https://maven.apache.org/surefire/maven-surefire-plugin/xsd/surefire-test-report-3.0.xsd" version="3.0" name="Search and place the order for products" time="13.637" tests="2" errors="0" skipped="0" failures="1">
  <properties>
[...]
</properties>
  <testcase name="Search experiance for product search in both home and Offers page #1" classname="Search and place the order for products" time="7.085">
    <system-out><![CDATA[┌───────────────────────────────────────────────────────────────────────────────────┐
│ Share your Cucumber Report with your team at https://reports.cucumber.io          │
│ Activate publishing with one of the following:                                    │
│                                                                                   │
│ src/test/resources/cucumber.properties:          cucumber.publish.enabled=true    │
│ src/test/resources/junit-platform.properties:    cucumber.publish.enabled=true    │
│ Environment variable:                            CUCUMBER_PUBLISH_ENABLED=true    │
│ JUnit:                                           @CucumberOptions(publish = true) │
│                                                                                   │
│ More information at https://cucumber.io/docs/cucumber/environment-variables/      │
│                                                                                   │
│ Disable this message with one of the following:                                   │
│                                                                                   │
│ src/test/resources/cucumber.properties:          cucumber.publish.quiet=true      │
│ src/test/resources/junit-platform.properties:    cucumber.publish.quiet=true      │
└───────────────────────────────────────────────────────────────────────────────────┘

Tomato is extracted from home page
Tomato is extracted from offer page
]]></system-out>
    <system-err><![CDATA[Starting ChromeDriver 122.0.6261.111 (9d4c1072da62b411b351a38b9ed6214ab236aa7b-refs/branch-heads/6261@{#1015}) on port 11156
Only local connections are allowed.
Please see https://chromedriver.chromium.org/security-considerations for suggestions on keeping ChromeDriver safe.
ChromeDriver was started successfully.
Mar 19, 2024 5:46:42 PM org.openqa.selenium.remote.ProtocolHandshake createSession
INFO: Detected dialect: W3C
]]></system-err>
  </testcase>
  <testcase name="Search experiance for product search in both home and Offers page #2" classname="Search and place the order for products" time="6.552">
    <failure message="expected:&lt;[No data]&gt; but was:&lt;[Beetroot]&gt;" type="org.junit.ComparisonFailure"><![CDATA[org.junit.ComparisonFailure: expected:<[No data]> but was:<[Beetroot]>
]]></failure>
    <system-out><![CDATA[Beetroot is extracted from home page
No data is extracted from offer page
]]></system-out>
    <system-err><![CDATA[Starting ChromeDriver 122.0.6261.111 (9d4c1072da62b411b351a38b9ed6214ab236aa7b-refs/branch-heads/6261@{#1015}) on port 34614
Only local connections are allowed.
Please see https://chromedriver.chromium.org/security-considerations for suggestions on keeping ChromeDriver safe.
ChromeDriver was started successfully.
Mar 19, 2024 5:46:49 PM org.openqa.selenium.remote.ProtocolHandshake createSession
INFO: Detected dialect: W3C
]]></system-err>
  </testcase>
</testsuite>