<?xml version="1.0" encoding="UTF-8"?>
<!-- Generated by org.testng.reporters.JUnitReportReporter -->
<testsuite hostname="MSI" failures="1" tests="1" name="CucumberRunner.FailedTestNGTestRunner" time="7.014" errors="0" timestamp="2024-03-19T13:33:20 IST" skipped="0">
  <testcase classname="CucumberRunner.FailedTestNGTestRunner" name="runScenario" time="7.014">
    <failure message="expected [Beetroot] but found [No data]" type="java.lang.AssertionError">
      <![CDATA[java.lang.AssertionError: expected [Beetroot] but found [No data]
at org.testng.Assert.fail(Assert.java:99)
at org.testng.Assert.failNotEquals(Assert.java:1037)
at org.testng.Assert.assertEqualsImpl(Assert.java:140)
at org.testng.Assert.assertEquals(Assert.java:122)
at org.testng.Assert.assertEquals(Assert.java:629)
at org.testng.Assert.assertEquals(Assert.java:639)
at stepDefitions.OfferPageStepDefition.validate_product_in_offer_page(OfferPageStepDefition.java:75)
at ✽.Validate product name in offer page matches with landing page product(file:///C:/Workspace/automation/CucumberSelenium/CucumberFramework/src/test/java/features/searchProduct.feature:19)
]]>
    </failure>
  </testcase> <!-- runScenario -->
  <system-out/>
</testsuite> <!-- CucumberRunner.FailedTestNGTestRunner -->
